<?xml version="1.0" encoding="UTF-8"?>
<testng-results skipped="0" failed="0" ignored="0" total="1" passed="1">
  <reporter-output>
  </reporter-output>
  <suite name="Default suite" duration-ms="2311" started-at="2019-01-18T09:36:37Z" finished-at="2019-01-18T09:36:40Z">
    <groups>
    </groups>
    <test name="Default test" duration-ms="2311" started-at="2019-01-18T09:36:37Z" finished-at="2019-01-18T09:36:40Z">
      <class name="testcases.UseExistingSession">
        <test-method status="PASS" signature="fillForm()[pri:0, instance:testcases.UseExistingSession@7cd62f43]" name="fillForm" duration-ms="2271" started-at="2019-01-18T09:36:37Z" finished-at="2019-01-18T09:36:40Z">
          <reporter-output>
          </reporter-output>
        </test-method> <!-- fillForm -->
      </class> <!-- testcases.UseExistingSession -->
    </test> <!-- Default test -->
  </suite> <!-- Default suite -->
</testng-results>
